Arguments: 
  C:\Program Files\nodejs\node.exe C:\Users\linco\AppData\Roaming\npm\node_modules\yarn\bin\yarn.js publish

PATH: 
  C:\Program Files\Common Files\Oracle\Java\javapath;C:\Program Files (x86)\Common Files\Oracle\Java\javapath;C:\Program Files\Eclipse Adoptium\jdk-17.0.5.8-hotspot\bin;C:\Program Files (x86)\Common Files\Intel\Shared Libraries\redist\intel64\compiler;C:\Windows\system32;C:\Windows;C:\Windows\System32\Wbem;C:\Windows\System32\WindowsPowerShell\v1.0\;C:\WINDOWS\system32;C:\WINDOWS;C:\WINDOWS\System32\Wbem;C:\WINDOWS\System32\WindowsPowerShell\v1.0\;C:\WINDOWS\System32\OpenSSH\;C:\Program Files\NVIDIA Corporation\NVIDIA NvDLISR;C:\Program Files\dotnet\;C:\MinGW\bin;C:\Program Files (x86)\NVIDIA Corporation\PhysX\Common;C:\Strawberry\c\bin;C:\Strawberry\perl\site\bin;C:\Strawberry\perl\bin;D:\Program Files\Polyspace\R2021a\runtime\win64;D:\Program Files\Polyspace\R2021a\bin;D:\Program Files\Polyspace\R2021a\polyspace\bin;C:\Program Files\Git\cmd;C:\Program Files\nodejs\;C:\Users\linco\AppData\Local\Programs\Python\Python310\Scripts\;C:\Users\linco\AppData\Local\Programs\Python\Python310\;C:\Users\linco\AppData\Local\Microsoft\WindowsApps;C:\Users\linco\AppData\Local\Programs\Microsoft VS Code\bin;C:\Users\linco\AppData\Local\GitHubDesktop\bin;C:\Users\linco\AppData\Local\Programs\MiKTeX\miktex\bin\x64\;D:\intelFPGA\20.1\modelsim_ase\win32aloem;C:\Users\linco\AppData\Roaming\npm

Yarn version: 
  1.22.19

Node version: 
  20.11.0

Platform: 
  win32 x64

Trace: 
  Error: https://registry.yarnpkg.com/-/user/org.couchdb.user:lincolnproenca: failed to authenticate: Could not authenticate lincolnproenca: bad password
      at params.callback [as _callback] (C:\Users\linco\AppData\Roaming\npm\node_modules\yarn\lib\cli.js:66145:18)
      at self.callback (C:\Users\linco\AppData\Roaming\npm\node_modules\yarn\lib\cli.js:140890:22)
      at Request.emit (node:events:518:28)
      at Request.<anonymous> (C:\Users\linco\AppData\Roaming\npm\node_modules\yarn\lib\cli.js:141862:10)
      at Request.emit (node:events:518:28)
      at IncomingMessage.<anonymous> (C:\Users\linco\AppData\Roaming\npm\node_modules\yarn\lib\cli.js:141784:12)
      at Object.onceWrapper (node:events:632:28)
      at IncomingMessage.emit (node:events:530:35)
      at endReadableNT (node:internal/streams/readable:1696:12)
      at process.processTicksAndRejections (node:internal/process/task_queues:82:21)

npm manifest: 
  {
    "name": "FormikDataComponent",
    "version": "1.0.0",
    "description": "A component to simplify the use of forms based on Formik",
    "main": "index.js",
    "types": "index.d.ts",
    "scripts": {
      "build": "tsc"
    },
    "author": "Lincoln Rodrigues Proença <91763571+LincolnProenca@users.noreply.github.com>",
    "license": "MIT",
    "repository": {
      "type": "git",
      "url": "git@github.com:LincolnProenca/FormikDataComponent.git"
    },
    "keywords": [
      "formik",
      "react",
      "form",
      "component"
    ],
    "peerDependencies": {
      "react": "^16.8.0",
      "formik": "^2.2.6"
    },
    "devDependencies": {
      "typescript": "^4.5.4",
      "@types/react": "^17.0.38",
      "@types/react-dom": "^17.0.11"
    }
  }

yarn manifest: 
  No manifest

Lockfile: 
  No lockfile
